<?xml version="1.0" encoding="UTF-8"?>
<!-- Generated by org.testng.reporters.JUnitReportReporter -->
<testsuite hostname="LAPTOP-7B0FHFO5" failures="0" tests="4" name="tempTestPack.TestNG2" time="368.500" errors="0" timestamp="2022-09-14T16:19:27 IST" skipped="0">
  <testcase classname="tempTestPack.TestNG2" name="test3" time="61.619"/>
  <system-out/>
  <testcase classname="tempTestPack.TestNG2" name="test4" time="212.610"/>
  <system-out/>
  <testcase classname="tempTestPack.TestNG2" name="test3" time="68.504"/>
  <system-out/>
  <testcase classname="tempTestPack.TestNG2" name="test4" time="25.767"/>
  <system-out/>
</testsuite> <!-- tempTestPack.TestNG2 -->
